<?xml version="1.0" encoding="UTF-8"?>
<testng-results ignored="0" total="1" passed="0" failed="1" skipped="0">
  <reporter-output>
  </reporter-output>
  <suite started-at="2024-05-21T17:19:07 IST" name="Default suite" finished-at="2024-05-21T17:19:19 IST" duration-ms="11891">
    <groups>
      <group name="Sanity">
        <method signature="LoginpageTC.loginm(java.lang.String,java.lang.String)[pri:0, instance:test.LoginpageTC@7530ad9c]" name="loginm" class="test.LoginpageTC"/>
      </group> <!-- Sanity -->
      <group name="Regression">
        <method signature="LoginpageTC.loginm(java.lang.String,java.lang.String)[pri:0, instance:test.LoginpageTC@7530ad9c]" name="loginm" class="test.LoginpageTC"/>
      </group> <!-- Regression -->
      <group name="Smoke">
        <method signature="LoginpageTC.loginm(java.lang.String,java.lang.String)[pri:0, instance:test.LoginpageTC@7530ad9c]" name="loginm" class="test.LoginpageTC"/>
      </group> <!-- Smoke -->
    </groups>
    <test started-at="2024-05-21T17:19:07 IST" name="Default test" finished-at="2024-05-21T17:19:19 IST" duration-ms="11891">
      <class name="test.LoginpageTC">
        <test-method is-config="true" signature="loadConfig()[pri:0, instance:test.LoginpageTC@7530ad9c]" started-at="2024-05-21T17:19:07 IST" name="loadConfig" finished-at="2024-05-21T17:19:07 IST" duration-ms="4" status="PASS">
          <reporter-output>
          </reporter-output>
        </test-method> <!-- loadConfig -->
        <test-method is-config="true" signature="init(java.lang.String)[pri:0, instance:test.LoginpageTC@7530ad9c]" started-at="2024-05-21T17:19:08 IST" name="init" finished-at="2024-05-21T17:19:19 IST" duration-ms="11310" status="PASS">
          <params>
            <param index="0">
              <value is-null="true"/>
            </param>
          </params>
          <reporter-output>
          </reporter-output>
        </test-method> <!-- init -->
        <test-method signature="loginm(java.lang.String,java.lang.String)[pri:0, instance:test.LoginpageTC@7530ad9c]" started-at="2024-05-21T17:19:19 IST" name="loginm" data-provider="Credentials" finished-at="2024-05-21T17:19:19 IST" duration-ms="11" status="FAIL">
          <params>
            <param index="0">
              <value>
                <![CDATA[]]>
              </value>
            </param>
            <param index="1">
              <value>
                <![CDATA[]]>
              </value>
            </param>
          </params>
          <exception class="java.lang.NullPointerException">
            <message>
              <![CDATA[Cannot invoke "org.openqa.selenium.SearchContext.findElement(org.openqa.selenium.By)" because "this.searchContext" is null]]>
            </message>
            <full-stacktrace>
              <![CDATA[java.lang.NullPointerException: Cannot invoke "org.openqa.selenium.SearchContext.findElement(org.openqa.selenium.By)" because "this.searchContext" is null
at org.openqa.selenium.support.pagefactory.DefaultElementLocator.findElement(DefaultElementLocator.java:68)
at org.openqa.selenium.support.pagefactory.internal.LocatingElementHandler.invoke(LocatingElementHandler.java:38)
at jdk.proxy2/jdk.proxy2.$Proxy12.clear(Unknown Source)
at com.mystore.pageobject.Loginpage.loginpage1(Loginpage.java:50)
at test.LoginpageTC.loginm(LoginpageTC.java:37)
at java.base/jdk.internal.reflect.NativeMethodAccessorImpl.invoke0(Native Method)
at java.base/jdk.internal.reflect.NativeMethodAccessorImpl.invoke(NativeMethodAccessorImpl.java:77)
at java.base/jdk.internal.reflect.DelegatingMethodAccessorImpl.invoke(DelegatingMethodAccessorImpl.java:43)
at java.base/java.lang.reflect.Method.invoke(Method.java:568)
at org.testng.internal.MethodInvocationHelper.invokeMethod(MethodInvocationHelper.java:133)
at org.testng.internal.TestInvoker.invokeMethod(TestInvoker.java:598)
at org.testng.internal.TestInvoker.invokeTestMethod(TestInvoker.java:173)
at org.testng.internal.MethodRunner.runInSequence(MethodRunner.java:46)
at org.testng.internal.TestInvoker$MethodInvocationAgent.invoke(TestInvoker.java:824)
at org.testng.internal.TestInvoker.invokeTestMethods(TestInvoker.java:146)
at org.testng.internal.TestMethodWorker.invokeTestMethods(TestMethodWorker.java:146)
at org.testng.internal.TestMethodWorker.run(TestMethodWorker.java:128)
at java.base/java.util.ArrayList.forEach(ArrayList.java:1511)
at org.testng.TestRunner.privateRun(TestRunner.java:794)
at org.testng.TestRunner.run(TestRunner.java:596)
at org.testng.SuiteRunner.runTest(SuiteRunner.java:377)
at org.testng.SuiteRunner.runSequentially(SuiteRunner.java:371)
at org.testng.SuiteRunner.privateRun(SuiteRunner.java:332)
at org.testng.SuiteRunner.run(SuiteRunner.java:276)
at org.testng.SuiteRunnerWorker.runSuite(SuiteRunnerWorker.java:53)
at org.testng.SuiteRunnerWorker.run(SuiteRunnerWorker.java:96)
at org.testng.TestNG.runSuitesSequentially(TestNG.java:1212)
at org.testng.TestNG.runSuitesLocally(TestNG.java:1134)
at org.testng.TestNG.runSuites(TestNG.java:1063)
at org.testng.TestNG.run(TestNG.java:1031)
at org.testng.remote.AbstractRemoteTestNG.run(AbstractRemoteTestNG.java:115)
at org.testng.remote.RemoteTestNG.initAndRun(RemoteTestNG.java:293)
at org.testng.remote.RemoteTestNG.main(RemoteTestNG.java:91)
]]>
            </full-stacktrace>
          </exception> <!-- java.lang.NullPointerException -->
          <reporter-output>
          </reporter-output>
        </test-method> <!-- loginm -->
        <test-method is-config="true" signature="teardown()[pri:0, instance:test.LoginpageTC@7530ad9c]" started-at="2024-05-21T17:19:19 IST" name="teardown" finished-at="2024-05-21T17:19:19 IST" duration-ms="104" status="PASS">
          <reporter-output>
          </reporter-output>
        </test-method> <!-- teardown -->
      </class> <!-- test.LoginpageTC -->
    </test> <!-- Default test -->
  </suite> <!-- Default suite -->
</testng-results>
